0 info it worked if it ends with ok
1 verbose cli [ 'C:\\Program Files\\nodejs\\node.exe',
1 verbose cli   'C:\\Program Files\\nodejs\\node_modules\\npm\\bin\\npm-cli.js',
1 verbose cli   'install',
1 verbose cli   'sleep' ]
2 info using npm@3.10.8
3 info using node@v6.8.1
4 silly loadCurrentTree Starting
5 silly install loadCurrentTree
6 silly install readLocalPackageData
7 silly fetchPackageMetaData sleep
8 silly fetchNamedPackageData sleep
9 silly mapToRegistry name sleep
10 silly mapToRegistry using default registry
11 silly mapToRegistry registry https://registry.npmjs.org/
12 silly mapToRegistry data Result {
12 silly mapToRegistry   raw: 'sleep',
12 silly mapToRegistry   scope: null,
12 silly mapToRegistry   escapedName: 'sleep',
12 silly mapToRegistry   name: 'sleep',
12 silly mapToRegistry   rawSpec: '',
12 silly mapToRegistry   spec: 'latest',
12 silly mapToRegistry   type: 'tag' }
13 silly mapToRegistry uri https://registry.npmjs.org/sleep
14 verbose request uri https://registry.npmjs.org/sleep
15 verbose request no auth needed
16 info attempt registry request try #1 at 18:54:32
17 verbose request id 056cd47899d43216
18 http request GET https://registry.npmjs.org/sleep
19 http 200 https://registry.npmjs.org/sleep
20 verbose headers { server: 'nginx/1.10.1',
20 verbose headers   'content-type': 'application/json',
20 verbose headers   'last-modified': 'Sat, 12 Nov 2016 10:50:32 GMT',
20 verbose headers   etag: 'W/"5826f3f8-4cf6"',
20 verbose headers   'content-encoding': 'gzip',
20 verbose headers   'cache-control': 'max-age=300',
20 verbose headers   'content-length': '2753',
20 verbose headers   'accept-ranges': 'bytes',
20 verbose headers   date: 'Thu, 01 Dec 2016 17:54:34 GMT',
20 verbose headers   via: '1.1 varnish',
20 verbose headers   age: '281',
20 verbose headers   connection: 'keep-alive',
20 verbose headers   'x-served-by': 'cache-fra1239-FRA',
20 verbose headers   'x-cache': 'HIT',
20 verbose headers   'x-cache-hits': '1',
20 verbose headers   'x-timer': 'S1480614874.093643,VS0,VE0',
20 verbose headers   vary: 'Accept-Encoding' }
21 silly get cb [ 200,
21 silly get   { server: 'nginx/1.10.1',
21 silly get     'content-type': 'application/json',
21 silly get     'last-modified': 'Sat, 12 Nov 2016 10:50:32 GMT',
21 silly get     etag: 'W/"5826f3f8-4cf6"',
21 silly get     'content-encoding': 'gzip',
21 silly get     'cache-control': 'max-age=300',
21 silly get     'content-length': '2753',
21 silly get     'accept-ranges': 'bytes',
21 silly get     date: 'Thu, 01 Dec 2016 17:54:34 GMT',
21 silly get     via: '1.1 varnish',
21 silly get     age: '281',
21 silly get     connection: 'keep-alive',
21 silly get     'x-served-by': 'cache-fra1239-FRA',
21 silly get     'x-cache': 'HIT',
21 silly get     'x-cache-hits': '1',
21 silly get     'x-timer': 'S1480614874.093643,VS0,VE0',
21 silly get     vary: 'Accept-Encoding' } ]
22 verbose get saving sleep to C:\Users\tamas.siklosi\AppData\Roaming\npm-cache\registry.npmjs.org\sleep\.cache.json
23 verbose correctMkdir C:\Users\tamas.siklosi\AppData\Roaming\npm-cache correctMkdir not in flight; initializing
24 silly install normalizeTree
25 silly loadCurrentTree Finishing
26 silly loadIdealTree Starting
27 silly install loadIdealTree
28 silly cloneCurrentTree Starting
29 silly install cloneCurrentTreeToIdealTree
30 silly cloneCurrentTree Finishing
31 silly loadShrinkwrap Starting
32 silly install loadShrinkwrap
33 silly loadShrinkwrap Finishing
34 silly loadAllDepsIntoIdealTree Starting
35 silly install loadAllDepsIntoIdealTree
36 silly resolveWithNewModule sleep@5.0.0 checking installable status
37 silly cache add args [ 'sleep', null ]
38 verbose cache add spec sleep
39 silly cache add parsed spec Result {
39 silly cache add   raw: 'sleep',
39 silly cache add   scope: null,
39 silly cache add   escapedName: 'sleep',
39 silly cache add   name: 'sleep',
39 silly cache add   rawSpec: '',
39 silly cache add   spec: 'latest',
39 silly cache add   type: 'tag' }
40 silly addNamed sleep@latest
41 verbose addNamed "latest" is being treated as a dist-tag for sleep
42 info addNameTag [ 'sleep', 'latest' ]
43 silly mapToRegistry name sleep
44 silly mapToRegistry using default registry
45 silly mapToRegistry registry https://registry.npmjs.org/
46 silly mapToRegistry data Result {
46 silly mapToRegistry   raw: 'sleep',
46 silly mapToRegistry   scope: null,
46 silly mapToRegistry   escapedName: 'sleep',
46 silly mapToRegistry   name: 'sleep',
46 silly mapToRegistry   rawSpec: '',
46 silly mapToRegistry   spec: 'latest',
46 silly mapToRegistry   type: 'tag' }
47 silly mapToRegistry uri https://registry.npmjs.org/sleep
48 verbose addNameTag registry:https://registry.npmjs.org/sleep not in flight; fetching
49 verbose get https://registry.npmjs.org/sleep not expired, no request
50 silly addNameTag next cb for sleep with tag latest
51 silly addNamed sleep@5.0.0
52 verbose addNamed "5.0.0" is a plain semver version for sleep
53 silly mapToRegistry name sleep
54 silly mapToRegistry using default registry
55 silly mapToRegistry registry https://registry.npmjs.org/
56 silly mapToRegistry data Result {
56 silly mapToRegistry   raw: 'sleep',
56 silly mapToRegistry   scope: null,
56 silly mapToRegistry   escapedName: 'sleep',
56 silly mapToRegistry   name: 'sleep',
56 silly mapToRegistry   rawSpec: '',
56 silly mapToRegistry   spec: 'latest',
56 silly mapToRegistry   type: 'tag' }
57 silly mapToRegistry uri https://registry.npmjs.org/sleep
58 verbose addRemoteTarball https://registry.npmjs.org/sleep/-/sleep-5.0.0.tgz not in flight; adding
59 verbose addRemoteTarball [ 'https://registry.npmjs.org/sleep/-/sleep-5.0.0.tgz',
59 verbose addRemoteTarball   '565d29a1ded05290180b571643d2ea794025b5ef' ]
60 info retry fetch attempt 1 at 18:54:33
61 info attempt registry request try #1 at 18:54:33
62 http fetch GET https://registry.npmjs.org/sleep/-/sleep-5.0.0.tgz
63 http fetch 200 https://registry.npmjs.org/sleep/-/sleep-5.0.0.tgz
64 silly fetchAndShaCheck shasum 565d29a1ded05290180b571643d2ea794025b5ef
65 verbose addTmpTarball C:\Users\TAMAS~1.SIK\AppData\Local\Temp\npm-10688-0a9c6546\registry.npmjs.org\sleep\-\sleep-5.0.0.tgz not in flight; adding
66 verbose addTmpTarball already have metadata; skipping unpack for sleep@5.0.0
67 verbose correctMkdir C:\Users\tamas.siklosi\AppData\Roaming\npm-cache correctMkdir not in flight; initializing
68 silly cache afterAdd sleep@5.0.0
69 verbose afterAdd C:\Users\tamas.siklosi\AppData\Roaming\npm-cache\sleep\5.0.0\package\package.json not in flight; writing
70 verbose correctMkdir C:\Users\tamas.siklosi\AppData\Roaming\npm-cache correctMkdir not in flight; initializing
71 verbose afterAdd C:\Users\tamas.siklosi\AppData\Roaming\npm-cache\sleep\5.0.0\package\package.json written
72 silly fetchNamedPackageData nan
73 silly mapToRegistry name nan
74 silly mapToRegistry using default registry
75 silly mapToRegistry registry https://registry.npmjs.org/
76 silly mapToRegistry data Result {
76 silly mapToRegistry   raw: 'nan',
76 silly mapToRegistry   scope: null,
76 silly mapToRegistry   escapedName: 'nan',
76 silly mapToRegistry   name: 'nan',
76 silly mapToRegistry   rawSpec: '',
76 silly mapToRegistry   spec: 'latest',
76 silly mapToRegistry   type: 'tag' }
77 silly mapToRegistry uri https://registry.npmjs.org/nan
78 verbose request uri https://registry.npmjs.org/nan
79 verbose request no auth needed
80 info attempt registry request try #1 at 18:54:33
81 verbose etag W/"5818d749-1ce1e"
82 verbose lastModified Tue, 01 Nov 2016 17:56:25 GMT
83 http request GET https://registry.npmjs.org/nan
84 http 304 https://registry.npmjs.org/nan
85 verbose headers { date: 'Thu, 01 Dec 2016 17:54:34 GMT',
85 verbose headers   via: '1.1 varnish',
85 verbose headers   'cache-control': 'max-age=300',
85 verbose headers   etag: 'W/"5818d749-1ce1e"',
85 verbose headers   age: '149',
85 verbose headers   connection: 'keep-alive',
85 verbose headers   'x-served-by': 'cache-fra1239-FRA',
85 verbose headers   'x-cache': 'HIT',
85 verbose headers   'x-cache-hits': '2',
85 verbose headers   'x-timer': 'S1480614874.746641,VS0,VE0',
85 verbose headers   vary: 'Accept-Encoding' }
86 silly get cb [ 304,
86 silly get   { date: 'Thu, 01 Dec 2016 17:54:34 GMT',
86 silly get     via: '1.1 varnish',
86 silly get     'cache-control': 'max-age=300',
86 silly get     etag: 'W/"5818d749-1ce1e"',
86 silly get     age: '149',
86 silly get     connection: 'keep-alive',
86 silly get     'x-served-by': 'cache-fra1239-FRA',
86 silly get     'x-cache': 'HIT',
86 silly get     'x-cache-hits': '2',
86 silly get     'x-timer': 'S1480614874.746641,VS0,VE0',
86 silly get     vary: 'Accept-Encoding' } ]
87 verbose etag https://registry.npmjs.org/nan from cache
88 verbose get saving nan to C:\Users\tamas.siklosi\AppData\Roaming\npm-cache\registry.npmjs.org\nan\.cache.json
89 verbose correctMkdir C:\Users\tamas.siklosi\AppData\Roaming\npm-cache correctMkdir not in flight; initializing
90 silly resolveWithNewModule nan@2.4.0 checking installable status
91 silly cache add args [ 'nan@>=2.0.0', null ]
92 verbose cache add spec nan@>=2.0.0
93 silly cache add parsed spec Result {
93 silly cache add   raw: 'nan@>=2.0.0',
93 silly cache add   scope: null,
93 silly cache add   escapedName: 'nan',
93 silly cache add   name: 'nan',
93 silly cache add   rawSpec: '>=2.0.0',
93 silly cache add   spec: '>=2.0.0',
93 silly cache add   type: 'range' }
94 silly addNamed nan@>=2.0.0
95 verbose addNamed ">=2.0.0" is a valid semver range for nan
96 silly addNameRange { name: 'nan', range: '>=2.0.0', hasData: false }
97 silly mapToRegistry name nan
98 silly mapToRegistry using default registry
99 silly mapToRegistry registry https://registry.npmjs.org/
100 silly mapToRegistry data Result {
100 silly mapToRegistry   raw: 'nan',
100 silly mapToRegistry   scope: null,
100 silly mapToRegistry   escapedName: 'nan',
100 silly mapToRegistry   name: 'nan',
100 silly mapToRegistry   rawSpec: '',
100 silly mapToRegistry   spec: 'latest',
100 silly mapToRegistry   type: 'tag' }
101 silly mapToRegistry uri https://registry.npmjs.org/nan
102 verbose addNameRange registry:https://registry.npmjs.org/nan not in flight; fetching
103 verbose get https://registry.npmjs.org/nan not expired, no request
104 silly addNameRange number 2 { name: 'nan', range: '>=2.0.0', hasData: true }
105 silly addNameRange versions [ 'nan',
105 silly addNameRange   [ '0.3.0-wip',
105 silly addNameRange     '0.3.0-wip2',
105 silly addNameRange     '0.3.0',
105 silly addNameRange     '0.3.1',
105 silly addNameRange     '0.3.2',
105 silly addNameRange     '0.4.0',
105 silly addNameRange     '0.4.1',
105 silly addNameRange     '0.4.2',
105 silly addNameRange     '0.4.3',
105 silly addNameRange     '0.4.4',
105 silly addNameRange     '0.5.0',
105 silly addNameRange     '0.5.1',
105 silly addNameRange     '0.5.2',
105 silly addNameRange     '0.6.0',
105 silly addNameRange     '0.7.0',
105 silly addNameRange     '0.7.1',
105 silly addNameRange     '0.8.0',
105 silly addNameRange     '1.0.0',
105 silly addNameRange     '1.1.0',
105 silly addNameRange     '1.1.1',
105 silly addNameRange     '1.1.2',
105 silly addNameRange     '1.2.0',
105 silly addNameRange     '1.3.0',
105 silly addNameRange     '1.4.0',
105 silly addNameRange     '1.4.1',
105 silly addNameRange     '1.5.0',
105 silly addNameRange     '1.4.2',
105 silly addNameRange     '1.4.3',
105 silly addNameRange     '1.5.1',
105 silly addNameRange     '1.5.2',
105 silly addNameRange     '1.6.0',
105 silly addNameRange     '1.5.3',
105 silly addNameRange     '1.6.1',
105 silly addNameRange     '1.6.2',
105 silly addNameRange     '1.7.0',
105 silly addNameRange     '1.8.0',
105 silly addNameRange     '1.8.1',
105 silly addNameRange     '1.8.2',
105 silly addNameRange     '1.8.3',
105 silly addNameRange     '1.8.4',
105 silly addNameRange     '1.9.0',
105 silly addNameRange     '2.0.0',
105 silly addNameRange     '2.0.1',
105 silly addNameRange     '2.0.2',
105 silly addNameRange     '2.0.3',
105 silly addNameRange     '2.0.4',
105 silly addNameRange     '2.0.5',
105 silly addNameRange     '2.0.6',
105 silly addNameRange     '2.0.7',
105 silly addNameRange     '2.0.8',
105 silly addNameRange     '2.0.9',
105 silly addNameRange     '2.1.0',
105 silly addNameRange     '2.2.0',
105 silly addNameRange     '2.2.1',
105 silly addNameRange     '2.3.0',
105 silly addNameRange     '2.3.1',
105 silly addNameRange     '2.3.2',
105 silly addNameRange     '2.3.3',
105 silly addNameRange     '2.3.4',
105 silly addNameRange     '2.3.5',
105 silly addNameRange     '2.4.0' ] ]
106 silly addNamed nan@2.4.0
107 verbose addNamed "2.4.0" is a plain semver version for nan
108 silly cache afterAdd nan@2.4.0
109 verbose afterAdd C:\Users\tamas.siklosi\AppData\Roaming\npm-cache\nan\2.4.0\package\package.json not in flight; writing
110 verbose correctMkdir C:\Users\tamas.siklosi\AppData\Roaming\npm-cache correctMkdir not in flight; initializing
111 verbose afterAdd C:\Users\tamas.siklosi\AppData\Roaming\npm-cache\nan\2.4.0\package\package.json written
112 silly loadAllDepsIntoIdealTree Finishing
113 silly loadIdealTree Finishing
114 silly currentTree shoppinglist@1.0.0
114 silly currentTree +-- accepts@1.3.3
114 silly currentTree +-- array-flatten@1.1.1
114 silly currentTree +-- bignumber.js@2.4.0
114 silly currentTree +-- body-parser@1.15.2
114 silly currentTree +-- bytes@2.4.0
114 silly currentTree +-- content-disposition@0.5.1
114 silly currentTree +-- content-type@1.0.2
114 silly currentTree +-- cookie-signature@1.0.6
114 silly currentTree +-- cookie@0.3.1
114 silly currentTree +-- core-util-is@1.0.2
114 silly currentTree +-- debug@2.2.0
114 silly currentTree +-- depd@1.1.0
114 silly currentTree +-- destroy@1.0.4
114 silly currentTree +-- ee-first@1.1.1
114 silly currentTree +-- ejs@2.5.2
114 silly currentTree +-- encodeurl@1.0.1
114 silly currentTree +-- escape-html@1.0.3
114 silly currentTree +-- etag@1.7.0
114 silly currentTree +-- express@4.14.0
114 silly currentTree +-- finalhandler@0.5.0
114 silly currentTree +-- forwarded@0.1.0
114 silly currentTree +-- fresh@0.3.0
114 silly currentTree +-- http-errors@1.5.0
114 silly currentTree +-- iconv-lite@0.4.13
114 silly currentTree +-- inherits@2.0.1
114 silly currentTree +-- ipaddr.js@1.1.1
114 silly currentTree +-- isarray@0.0.1
114 silly currentTree +-- media-typer@0.3.0
114 silly currentTree +-- merge-descriptors@1.0.1
114 silly currentTree +-- methods@1.1.2
114 silly currentTree +-- mime-db@1.24.0
114 silly currentTree +-- mime-types@2.1.12
114 silly currentTree +-- mime@1.3.4
114 silly currentTree +-- ms@0.7.1
114 silly currentTree +-- mysql@2.12.0
114 silly currentTree +-- negotiator@0.6.1
114 silly currentTree +-- on-finished@2.3.0
114 silly currentTree +-- parseurl@1.3.1
114 silly currentTree +-- path-to-regexp@0.1.7
114 silly currentTree +-- proxy-addr@1.1.2
114 silly currentTree +-- qs@6.2.0
114 silly currentTree +-- range-parser@1.2.0
114 silly currentTree +-- raw-body@2.1.7
114 silly currentTree +-- readable-stream@1.1.14
114 silly currentTree +-- send@0.14.1
114 silly currentTree +-- serve-static@1.11.1
114 silly currentTree +-- setprototypeof@1.0.1
114 silly currentTree +-- sqlstring@2.2.0
114 silly currentTree +-- statuses@1.3.0
114 silly currentTree +-- string_decoder@0.10.31
114 silly currentTree +-- type-is@1.6.13
114 silly currentTree +-- unpipe@1.0.0
114 silly currentTree +-- utils-merge@1.0.0
114 silly currentTree `-- vary@1.1.0
115 silly idealTree shoppinglist@1.0.0
115 silly idealTree +-- accepts@1.3.3
115 silly idealTree +-- array-flatten@1.1.1
115 silly idealTree +-- bignumber.js@2.4.0
115 silly idealTree +-- body-parser@1.15.2
115 silly idealTree +-- bytes@2.4.0
115 silly idealTree +-- content-disposition@0.5.1
115 silly idealTree +-- content-type@1.0.2
115 silly idealTree +-- cookie-signature@1.0.6
115 silly idealTree +-- cookie@0.3.1
115 silly idealTree +-- core-util-is@1.0.2
115 silly idealTree +-- debug@2.2.0
115 silly idealTree +-- depd@1.1.0
115 silly idealTree +-- destroy@1.0.4
115 silly idealTree +-- ee-first@1.1.1
115 silly idealTree +-- ejs@2.5.2
115 silly idealTree +-- encodeurl@1.0.1
115 silly idealTree +-- escape-html@1.0.3
115 silly idealTree +-- etag@1.7.0
115 silly idealTree +-- express@4.14.0
115 silly idealTree +-- finalhandler@0.5.0
115 silly idealTree +-- forwarded@0.1.0
115 silly idealTree +-- fresh@0.3.0
115 silly idealTree +-- http-errors@1.5.0
115 silly idealTree +-- iconv-lite@0.4.13
115 silly idealTree +-- inherits@2.0.1
115 silly idealTree +-- ipaddr.js@1.1.1
115 silly idealTree +-- isarray@0.0.1
115 silly idealTree +-- media-typer@0.3.0
115 silly idealTree +-- merge-descriptors@1.0.1
115 silly idealTree +-- methods@1.1.2
115 silly idealTree +-- mime-db@1.24.0
115 silly idealTree +-- mime-types@2.1.12
115 silly idealTree +-- mime@1.3.4
115 silly idealTree +-- ms@0.7.1
115 silly idealTree +-- mysql@2.12.0
115 silly idealTree +-- nan@2.4.0
115 silly idealTree +-- negotiator@0.6.1
115 silly idealTree +-- on-finished@2.3.0
115 silly idealTree +-- parseurl@1.3.1
115 silly idealTree +-- path-to-regexp@0.1.7
115 silly idealTree +-- proxy-addr@1.1.2
115 silly idealTree +-- qs@6.2.0
115 silly idealTree +-- range-parser@1.2.0
115 silly idealTree +-- raw-body@2.1.7
115 silly idealTree +-- readable-stream@1.1.14
115 silly idealTree +-- send@0.14.1
115 silly idealTree +-- serve-static@1.11.1
115 silly idealTree +-- setprototypeof@1.0.1
115 silly idealTree +-- sleep@5.0.0
115 silly idealTree +-- sqlstring@2.2.0
115 silly idealTree +-- statuses@1.3.0
115 silly idealTree +-- string_decoder@0.10.31
115 silly idealTree +-- type-is@1.6.13
115 silly idealTree +-- unpipe@1.0.0
115 silly idealTree +-- utils-merge@1.0.0
115 silly idealTree `-- vary@1.1.0
116 silly generateActionsToTake Starting
117 silly install generateActionsToTake
118 silly generateActionsToTake Finishing
119 silly diffTrees action count 2
120 silly diffTrees add nan@2.4.0
121 silly diffTrees add sleep@5.0.0
122 silly decomposeActions action count 16
123 silly decomposeActions fetch nan@2.4.0
124 silly decomposeActions extract nan@2.4.0
125 silly decomposeActions test nan@2.4.0
126 silly decomposeActions preinstall nan@2.4.0
127 silly decomposeActions build nan@2.4.0
128 silly decomposeActions install nan@2.4.0
129 silly decomposeActions postinstall nan@2.4.0
130 silly decomposeActions finalize nan@2.4.0
131 silly decomposeActions fetch sleep@5.0.0
132 silly decomposeActions extract sleep@5.0.0
133 silly decomposeActions test sleep@5.0.0
134 silly decomposeActions preinstall sleep@5.0.0
135 silly decomposeActions build sleep@5.0.0
136 silly decomposeActions install sleep@5.0.0
137 silly decomposeActions postinstall sleep@5.0.0
138 silly decomposeActions finalize sleep@5.0.0
139 silly runTopLevelLifecycles Starting
140 silly executeActions Starting
141 silly install executeActions
142 silly doSerial global-install 0
143 silly doParallel fetch 2
144 verbose correctMkdir C:\Users\tamas.siklosi\AppData\Roaming\npm-cache\_locks correctMkdir not in flight; initializing
145 verbose lock using C:\Users\tamas.siklosi\AppData\Roaming\npm-cache\_locks\staging-8251030ab5242600.lock for D:\Devs\web\siki.duckdns.org\node_modules\.staging
146 silly doParallel extract 2
147 silly extract nan@2.4.0
148 silly extract sleep@5.0.0
149 verbose unbuild node_modules\.staging\nan-6073217c
150 verbose unbuild node_modules\.staging\sleep-a8304771
151 silly gentlyRm D:\Devs\web\siki.duckdns.org\node_modules\.staging\nan-6073217c is being purged from base D:\Devs\web\siki.duckdns.org
152 verbose gentlyRm don't care about contents; nuking D:\Devs\web\siki.duckdns.org\node_modules\.staging\nan-6073217c
153 silly gentlyRm D:\Devs\web\siki.duckdns.org\node_modules\.staging\sleep-a8304771 is being purged from base D:\Devs\web\siki.duckdns.org
154 verbose gentlyRm don't care about contents; nuking D:\Devs\web\siki.duckdns.org\node_modules\.staging\sleep-a8304771
155 verbose tar unpack C:\Users\tamas.siklosi\AppData\Roaming\npm-cache\nan\2.4.0\package.tgz
156 verbose tar unpacking to D:\Devs\web\siki.duckdns.org\node_modules\.staging\nan-6073217c
157 silly gentlyRm D:\Devs\web\siki.duckdns.org\node_modules\.staging\nan-6073217c is being purged
158 verbose gentlyRm don't care about contents; nuking D:\Devs\web\siki.duckdns.org\node_modules\.staging\nan-6073217c
159 verbose tar unpack C:\Users\tamas.siklosi\AppData\Roaming\npm-cache\sleep\5.0.0\package.tgz
160 verbose tar unpacking to D:\Devs\web\siki.duckdns.org\node_modules\.staging\sleep-a8304771
161 silly gentlyRm D:\Devs\web\siki.duckdns.org\node_modules\.staging\sleep-a8304771 is being purged
162 verbose gentlyRm don't care about contents; nuking D:\Devs\web\siki.duckdns.org\node_modules\.staging\sleep-a8304771
163 silly gunzTarPerm modes [ '777', '666' ]
164 silly gunzTarPerm modes [ '777', '666' ]
165 silly gunzTarPerm extractEntry package.json
166 silly gunzTarPerm modified mode [ 'package.json', 436, 438 ]
167 silly gunzTarPerm extractEntry package.json
168 silly gunzTarPerm modified mode [ 'package.json', 436, 438 ]
169 silly gunzTarPerm extractEntry README.md
170 silly gunzTarPerm modified mode [ 'README.md', 436, 438 ]
171 silly gunzTarPerm extractEntry .npmignore
172 silly gunzTarPerm modified mode [ '.npmignore', 436, 438 ]
173 silly gunzTarPerm extractEntry README.md
174 silly gunzTarPerm modified mode [ 'README.md', 436, 438 ]
175 silly gunzTarPerm extractEntry include_dirs.js
176 silly gunzTarPerm modified mode [ 'include_dirs.js', 436, 438 ]
177 silly gunzTarPerm extractEntry nan_callbacks_pre_12_inl.h
178 silly gunzTarPerm modified mode [ 'nan_callbacks_pre_12_inl.h', 436, 438 ]
179 silly gunzTarPerm extractEntry CHANGELOG.md
180 silly gunzTarPerm modified mode [ 'CHANGELOG.md', 436, 438 ]
181 silly gunzTarPerm extractEntry LICENSE.md
182 silly gunzTarPerm modified mode [ 'LICENSE.md', 436, 438 ]
183 silly gunzTarPerm extractEntry test.js
184 silly gunzTarPerm modified mode [ 'test.js', 436, 438 ]
185 silly gunzTarPerm extractEntry index.js
186 silly gunzTarPerm modified mode [ 'index.js', 436, 438 ]
187 silly gunzTarPerm extractEntry doc/node_misc.md
188 silly gunzTarPerm modified mode [ 'doc/node_misc.md', 436, 438 ]
189 silly gunzTarPerm extractEntry LICENSE.txt
190 silly gunzTarPerm modified mode [ 'LICENSE.txt', 436, 438 ]
191 silly gunzTarPerm extractEntry sleep.cc
192 silly gunzTarPerm modified mode [ 'sleep.cc', 436, 438 ]
193 silly gunzTarPerm extractEntry doc/asyncworker.md
194 silly gunzTarPerm modified mode [ 'doc/asyncworker.md', 436, 438 ]
195 silly gunzTarPerm extractEntry doc/callback.md
196 silly gunzTarPerm modified mode [ 'doc/callback.md', 436, 438 ]
197 silly gunzTarPerm extractEntry binding.gyp
198 silly gunzTarPerm modified mode [ 'binding.gyp', 436, 438 ]
199 silly gunzTarPerm extractEntry doc/converters.md
200 silly gunzTarPerm modified mode [ 'doc/converters.md', 436, 438 ]
201 silly gunzTarPerm extractEntry doc/errors.md
202 silly gunzTarPerm modified mode [ 'doc/errors.md', 436, 438 ]
203 silly gunzTarPerm extractEntry doc/maybe_types.md
204 silly gunzTarPerm modified mode [ 'doc/maybe_types.md', 436, 438 ]
205 silly gunzTarPerm extractEntry doc/methods.md
206 silly gunzTarPerm modified mode [ 'doc/methods.md', 436, 438 ]
207 silly gunzTarPerm extractEntry doc/new.md
208 silly gunzTarPerm modified mode [ 'doc/new.md', 436, 438 ]
209 silly gunzTarPerm extractEntry doc/buffers.md
210 silly gunzTarPerm modified mode [ 'doc/buffers.md', 436, 438 ]
211 silly gunzTarPerm extractEntry doc/object_wrappers.md
212 silly gunzTarPerm modified mode [ 'doc/object_wrappers.md', 436, 438 ]
213 silly gunzTarPerm extractEntry doc/persistent.md
214 silly gunzTarPerm modified mode [ 'doc/persistent.md', 436, 438 ]
215 silly gunzTarPerm extractEntry doc/scopes.md
216 silly gunzTarPerm modified mode [ 'doc/scopes.md', 436, 438 ]
217 silly gunzTarPerm extractEntry doc/script.md
218 silly gunzTarPerm modified mode [ 'doc/script.md', 436, 438 ]
219 silly gentlyRm D:\Devs\web\siki.duckdns.org\node_modules\.staging\sleep-a8304771\node_modules is being purged
220 verbose gentlyRm don't care about contents; nuking D:\Devs\web\siki.duckdns.org\node_modules\.staging\sleep-a8304771\node_modules
221 silly gunzTarPerm extractEntry doc/string_bytes.md
222 silly gunzTarPerm modified mode [ 'doc/string_bytes.md', 436, 438 ]
223 silly gunzTarPerm extractEntry doc/v8_internals.md
224 silly gunzTarPerm modified mode [ 'doc/v8_internals.md', 436, 438 ]
225 silly gunzTarPerm extractEntry doc/v8_misc.md
226 silly gunzTarPerm modified mode [ 'doc/v8_misc.md', 436, 438 ]
227 silly gunzTarPerm extractEntry nan.h
228 silly gunzTarPerm modified mode [ 'nan.h', 436, 438 ]
229 silly gunzTarPerm extractEntry nan_callbacks.h
230 silly gunzTarPerm modified mode [ 'nan_callbacks.h', 436, 438 ]
231 silly gunzTarPerm extractEntry nan_callbacks_12_inl.h
232 silly gunzTarPerm modified mode [ 'nan_callbacks_12_inl.h', 436, 438 ]
233 silly gunzTarPerm extractEntry nan_converters.h
234 silly gunzTarPerm modified mode [ 'nan_converters.h', 436, 438 ]
235 silly gunzTarPerm extractEntry nan_converters_43_inl.h
236 silly gunzTarPerm modified mode [ 'nan_converters_43_inl.h', 436, 438 ]
237 silly gunzTarPerm extractEntry nan_converters_pre_43_inl.h
238 silly gunzTarPerm modified mode [ 'nan_converters_pre_43_inl.h', 436, 438 ]
239 silly gunzTarPerm extractEntry nan_implementation_12_inl.h
240 silly gunzTarPerm modified mode [ 'nan_implementation_12_inl.h', 436, 438 ]
241 silly gunzTarPerm extractEntry nan_implementation_pre_12_inl.h
242 silly gunzTarPerm modified mode [ 'nan_implementation_pre_12_inl.h', 436, 438 ]
243 silly gunzTarPerm extractEntry nan_maybe_43_inl.h
244 silly gunzTarPerm modified mode [ 'nan_maybe_43_inl.h', 436, 438 ]
245 silly gunzTarPerm extractEntry nan_maybe_pre_43_inl.h
246 silly gunzTarPerm modified mode [ 'nan_maybe_pre_43_inl.h', 436, 438 ]
247 silly gunzTarPerm extractEntry nan_new.h
248 silly gunzTarPerm modified mode [ 'nan_new.h', 436, 438 ]
249 silly gunzTarPerm extractEntry nan_object_wrap.h
250 silly gunzTarPerm modified mode [ 'nan_object_wrap.h', 436, 438 ]
251 silly gunzTarPerm extractEntry nan_persistent_12_inl.h
252 silly gunzTarPerm modified mode [ 'nan_persistent_12_inl.h', 436, 438 ]
253 silly gunzTarPerm extractEntry nan_persistent_pre_12_inl.h
254 silly gunzTarPerm modified mode [ 'nan_persistent_pre_12_inl.h', 436, 438 ]
255 silly gunzTarPerm extractEntry nan_string_bytes.h
256 silly gunzTarPerm modified mode [ 'nan_string_bytes.h', 436, 438 ]
257 silly gunzTarPerm extractEntry nan_typedarray_contents.h
258 silly gunzTarPerm modified mode [ 'nan_typedarray_contents.h', 436, 438 ]
259 silly gunzTarPerm extractEntry nan_weak.h
260 silly gunzTarPerm modified mode [ 'nan_weak.h', 436, 438 ]
261 silly gunzTarPerm extractEntry tools/package.json
262 silly gunzTarPerm modified mode [ 'tools/package.json', 436, 438 ]
263 silly gunzTarPerm extractEntry tools/README.md
264 silly gunzTarPerm modified mode [ 'tools/README.md', 436, 438 ]
265 silly gunzTarPerm extractEntry tools/1to2.js
266 silly gunzTarPerm modified mode [ 'tools/1to2.js', 509, 511 ]
267 silly gentlyRm D:\Devs\web\siki.duckdns.org\node_modules\.staging\nan-6073217c\node_modules is being purged
268 verbose gentlyRm don't care about contents; nuking D:\Devs\web\siki.duckdns.org\node_modules\.staging\nan-6073217c\node_modules
269 silly doParallel preinstall 2
270 silly preinstall nan@2.4.0 D:\Devs\web\siki.duckdns.org\node_modules\.staging\nan-6073217c
271 info lifecycle nan@2.4.0~preinstall: nan@2.4.0
272 silly preinstall sleep@5.0.0 D:\Devs\web\siki.duckdns.org\node_modules\.staging\sleep-a8304771
273 info lifecycle sleep@5.0.0~preinstall: sleep@5.0.0
274 silly lifecycle nan@2.4.0~preinstall: no script for preinstall, continuing
275 silly lifecycle sleep@5.0.0~preinstall: no script for preinstall, continuing
276 silly doReverseSerial remove 0
277 silly doSerial move 0
278 silly doSerial finalize 2
279 silly finalize D:\Devs\web\siki.duckdns.org\node_modules\nan
280 silly finalize D:\Devs\web\siki.duckdns.org\node_modules\sleep
281 silly doSerial build 2
282 silly build nan@2.4.0
283 info linkStuff nan@2.4.0
284 silly linkStuff nan@2.4.0 has D:\Devs\web\siki.duckdns.org\node_modules as its parent node_modules
285 verbose linkBins nan@2.4.0
286 verbose linkMans nan@2.4.0
287 silly build sleep@5.0.0
288 info linkStuff sleep@5.0.0
289 silly linkStuff sleep@5.0.0 has D:\Devs\web\siki.duckdns.org\node_modules as its parent node_modules
290 verbose linkBins sleep@5.0.0
291 verbose linkMans sleep@5.0.0
292 silly doSerial global-link 0
293 silly doParallel update-linked 0
294 silly doSerial install 2
295 silly install nan@2.4.0 D:\Devs\web\siki.duckdns.org\node_modules\.staging\nan-6073217c
296 info lifecycle nan@2.4.0~install: nan@2.4.0
297 silly lifecycle nan@2.4.0~install: no script for install, continuing
298 silly install sleep@5.0.0 D:\Devs\web\siki.duckdns.org\node_modules\.staging\sleep-a8304771
299 info lifecycle sleep@5.0.0~install: sleep@5.0.0
300 verbose lifecycle sleep@5.0.0~install: unsafe-perm in lifecycle true
301 verbose lifecycle sleep@5.0.0~install: PATH: C:\Program Files\nodejs\node_modules\npm\bin\node-gyp-bin;D:\Devs\web\siki.duckdns.org\node_modules\sleep\node_modules\.bin;D:\Devs\web\siki.duckdns.org\node_modules\.bin;C:\Python27\;C:\Python27\Scripts;C:\Program Files (x86)\RSA SecurID Token Common;C:\ProgramData\Oracle\Java\javapath;C:\windows\system32;C:\windows;C:\windows\System32\Wbem;C:\windows\System32\WindowsPowerShell\v1.0\;C:\windows\System32\WindowsPowerShell\v1.0\;C:\Program Files (x86)\Skype\Phone\;C:\Program Files\Intel\WiFi\bin\;C:\Program Files\Common Files\Intel\WirelessCommon\;C:\windows\system32\config\systemprofile\.dnx\bin;C:\Program Files\Microsoft DNX\Dnvm\;C:\Program Files\Microsoft SQL Server\120\Tools\Binn\;C:\Program Files (x86)\Microsoft SQL Server\Client SDK\ODBC\110\Tools\Binn\;C:\Program Files (x86)\Microsoft SQL Server\130\Tools\Binn\;C:\Program Files (x86)\Microsoft SQL Server\130\DTS\Binn\;C:\Program Files (x86)\Microsoft SQL Server\130\Tools\Binn\ManagementStudio\;C:\Program Files\Git\cmd;C:\Program Files (x86)\Microsoft SQL Server\Client SDK\ODBC\130\Tools\Binn\;c:\Program Files (x86)\Microsoft SQL Server\100\Tools\Binn\;c:\Program Files\Microsoft SQL Server\100\Tools\Binn\;c:\Program Files\Microsoft SQL Server\100\DTS\Binn\;C:\Program Files\nodejs\;C:\Program Files\OpenVPN\bin;C:\Program Files (x86)\Brackets\command;C:\Program Files (x86)\Symantec\VIP Access Client\;%ANT_HOME%\bin;C:\Program Files (x86)\Git\bin\;C:\Program Files (x86)\Git\cmd\;c:\apache-maven-3.3.3\bin\;C:\Users\tamas.siklosi\AppData\Roaming\npm;C:\Program Files (x86)\Microsoft VS Code\bin;C:\Users\tamas.siklosi\AppData\Local\atom\bin;c:\Program Files\Java\jdk1.8.0_112\bin;%GRANDLE_HOME%\bin
302 verbose lifecycle sleep@5.0.0~install: CWD: D:\Devs\web\siki.duckdns.org\node_modules\sleep
303 silly lifecycle sleep@5.0.0~install: Args: [ '/d /s /c', 'node-gyp rebuild' ]
304 silly lifecycle sleep@5.0.0~install: Returned: code: 1  signal: null
305 info lifecycle sleep@5.0.0~install: Failed to exec install script
306 verbose unlock done using C:\Users\tamas.siklosi\AppData\Roaming\npm-cache\_locks\staging-8251030ab5242600.lock for D:\Devs\web\siki.duckdns.org\node_modules\.staging
307 silly rollbackFailedOptional Starting
308 silly rollbackFailedOptional Finishing
309 silly runTopLevelLifecycles Finishing
310 silly install printInstalled
311 verbose stack Error: sleep@5.0.0 install: `node-gyp rebuild`
311 verbose stack Exit status 1
311 verbose stack     at EventEmitter.<anonymous> (C:\Program Files\nodejs\node_modules\npm\lib\utils\lifecycle.js:255:16)
311 verbose stack     at emitTwo (events.js:106:13)
311 verbose stack     at EventEmitter.emit (events.js:191:7)
311 verbose stack     at ChildProcess.<anonymous> (C:\Program Files\nodejs\node_modules\npm\lib\utils\spawn.js:40:14)
311 verbose stack     at emitTwo (events.js:106:13)
311 verbose stack     at ChildProcess.emit (events.js:191:7)
311 verbose stack     at maybeClose (internal/child_process.js:877:16)
311 verbose stack     at Process.ChildProcess._handle.onexit (internal/child_process.js:226:5)
312 verbose pkgid sleep@5.0.0
313 verbose cwd D:\Devs\web\siki.duckdns.org
314 error Windows_NT 6.1.7601
315 error argv "C:\\Program Files\\nodejs\\node.exe" "C:\\Program Files\\nodejs\\node_modules\\npm\\bin\\npm-cli.js" "install" "sleep"
316 error node v6.8.1
317 error npm  v3.10.8
318 error code ELIFECYCLE
319 error sleep@5.0.0 install: `node-gyp rebuild`
319 error Exit status 1
320 error Failed at the sleep@5.0.0 install script 'node-gyp rebuild'.
320 error Make sure you have the latest version of node.js and npm installed.
320 error If you do, this is most likely a problem with the sleep package,
320 error not with npm itself.
320 error Tell the author that this fails on your system:
320 error     node-gyp rebuild
320 error You can get information on how to open an issue for this project with:
320 error     npm bugs sleep
320 error Or if that isn't available, you can get their info via:
320 error     npm owner ls sleep
320 error There is likely additional logging output above.
321 verbose exit [ 1, true ]
